<?xml version="1.0" encoding="UTF-8"?>
<!-- Generated by org.testng.reporters.JUnitReportReporter -->
<testsuite hostname="LAPTOP-3FIFOPKL" failures="0" tests="1" name="AutomationPackage.ChetanaTest" time="11.074" errors="0" timestamp="2022-02-15T19:45:43 IST" skipped="0">
  <testcase classname="AutomationPackage.ChetanaTest" name="login" time="11.074"/>
  <system-out/>
</testsuite> <!-- AutomationPackage.ChetanaTest -->
